{
  "RSpec": {
    "coverage": {
      "/Users/rossperry/Documents/_Turing_Projects/mod3/projects/rails_engine_directory/rails_engine/spec/requests/api/v1/business_intelligence_spec.rb": {
        "lines": [
          1,
          null,
          null,
          null,
          1,
          1,
          4,
          4,
          4,
          4,
          4,
          4,
          null,
          4,
          4,
          4,
          4,
          null,
          4,
          4,
          4,
          4,
          4,
          4,
          4,
          4,
          4,
          4,
          null,
          4,
          4,
          4,
          4,
          4,
          4,
          4,
          4,
          4,
          4,
          null,
          4,
          4,
          4,
          4,
          4,
          4,
          4,
          4,
          4,
          4,
          null,
          1,
          null,
          null,
          1,
          1,
          null,
          1,
          null,
          1,
          1,
          null,
          1,
          1,
          null,
          1,
          1,
          null,
          null,
          1,
          1,
          null,
          1,
          null,
          null,
          1,
          null,
          1,
          1,
          null,
          1,
          1,
          null,
          null,
          1,
          1,
          null,
          1,
          null,
          1,
          null,
          null,
          1,
          1,
          null,
          1,
          null,
          1,
          null,
          null,
          null,
          null,
          null,
          null,
          null
        ]
      },
      "/Users/rossperry/Documents/_Turing_Projects/mod3/projects/rails_engine_directory/rails_engine/spec/rails_helper.rb": {
        "lines": [
          null,
          1,
          1,
          null,
          1,
          null,
          1,
          1,
          null,
          null,
          null,
          null,
          null,
          null,
          null,
          null,
          null,
          null,
          null,
          null,
          null,
          null,
          null,
          null,
          null,
          null,
          null,
          1,
          1,
          null,
          0,
          0,
          null,
          1,
          null,
          1,
          null,
          1,
          null,
          null,
          null,
          null,
          1,
          null,
          null,
          null,
          null,
          null,
          null,
          null,
          null,
          null,
          null,
          null,
          null,
          null,
          null,
          null,
          null,
          null,
          1,
          null,
          null,
          1,
          null,
          null,
          null
        ]
      },
      "/Users/rossperry/Documents/_Turing_Projects/mod3/projects/rails_engine_directory/rails_engine/config/environment.rb": {
        "lines": [
          null,
          1,
          null,
          null,
          1
        ]
      },
      "/Users/rossperry/Documents/_Turing_Projects/mod3/projects/rails_engine_directory/rails_engine/config/application.rb": {
        "lines": [
          1,
          null,
          1,
          null,
          1,
          1,
          1,
          1,
          1,
          1,
          1,
          1,
          null,
          null,
          null,
          null,
          null,
          1,
          null,
          1,
          1,
          null,
          1,
          null,
          null,
          null,
          null,
          null,
          null,
          null,
          null,
          null,
          1,
          null,
          null
        ]
      },
      "/Users/rossperry/Documents/_Turing_Projects/mod3/projects/rails_engine_directory/rails_engine/config/boot.rb": {
        "lines": [
          1,
          null,
          1,
          1
        ]
      },
      "/Users/rossperry/Documents/_Turing_Projects/mod3/projects/rails_engine_directory/rails_engine/config/environments/test.rb": {
        "lines": [
          1,
          null,
          null,
          null,
          null,
          null,
          null,
          1,
          null,
          null,
          null,
          null,
          1,
          null,
          null,
          1,
          1,
          null,
          null,
          null,
          null,
          1,
          1,
          null,
          null,
          1,
          null,
          null,
          1,
          null,
          null,
          1,
          null,
          1,
          null,
          null,
          null,
          null,
          1,
          null,
          null,
          1,
          null,
          null,
          null,
          null
        ]
      },
      "/Users/rossperry/Documents/_Turing_Projects/mod3/projects/rails_engine_directory/rails_engine/config/initializers/application_controller_renderer.rb": {
        "lines": [
          null,
          null,
          null,
          null,
          null,
          null,
          null,
          null
        ]
      },
      "/Users/rossperry/Documents/_Turing_Projects/mod3/projects/rails_engine_directory/rails_engine/config/initializers/backtrace_silencers.rb": {
        "lines": [
          null,
          null,
          null,
          null,
          null,
          null,
          null
        ]
      },
      "/Users/rossperry/Documents/_Turing_Projects/mod3/projects/rails_engine_directory/rails_engine/config/initializers/cors.rb": {
        "lines": [
          null,
          null,
          null,
          null,
          null,
          null,
          null,
          null,
          null,
          null,
          null,
          null,
          null,
          null,
          null,
          null,
          null,
          1,
          1,
          1,
          1,
          null,
          null
        ]
      },
      "/Users/rossperry/Documents/_Turing_Projects/mod3/projects/rails_engine_directory/rails_engine/config/initializers/filter_parameter_logging.rb": {
        "lines": [
          null,
          null,
          null,
          1
        ]
      },
      "/Users/rossperry/Documents/_Turing_Projects/mod3/projects/rails_engine_directory/rails_engine/config/initializers/inflections.rb": {
        "lines": [
          null,
          null,
          null,
          null,
          null,
          null,
          null,
          null,
          null,
          null,
          null,
          null,
          null,
          null,
          null,
          null
        ]
      },
      "/Users/rossperry/Documents/_Turing_Projects/mod3/projects/rails_engine_directory/rails_engine/config/initializers/mime_types.rb": {
        "lines": [
          null,
          null,
          null,
          null
        ]
      },
      "/Users/rossperry/Documents/_Turing_Projects/mod3/projects/rails_engine_directory/rails_engine/config/initializers/wrap_parameters.rb": {
        "lines": [
          null,
          null,
          null,
          null,
          null,
          null,
          1,
          2,
          null,
          null,
          null,
          null,
          null,
          null
        ]
      },
      "/Users/rossperry/Documents/_Turing_Projects/mod3/projects/rails_engine_directory/rails_engine/spec/factories/customers.rb": {
        "lines": [
          1,
          1,
          1,
          1,
          1,
          null,
          null
        ]
      },
      "/Users/rossperry/Documents/_Turing_Projects/mod3/projects/rails_engine_directory/rails_engine/spec/factories/invoice_items.rb": {
        "lines": [
          1,
          1,
          1,
          1,
          1,
          null,
          null
        ]
      },
      "/Users/rossperry/Documents/_Turing_Projects/mod3/projects/rails_engine_directory/rails_engine/spec/factories/invoices.rb": {
        "lines": [
          1,
          1,
          1,
          1,
          null,
          null
        ]
      },
      "/Users/rossperry/Documents/_Turing_Projects/mod3/projects/rails_engine_directory/rails_engine/spec/factories/items.rb": {
        "lines": [
          1,
          1,
          51,
          22,
          22,
          52,
          null,
          null
        ]
      },
      "/Users/rossperry/Documents/_Turing_Projects/mod3/projects/rails_engine_directory/rails_engine/spec/factories/merchants.rb": {
        "lines": [
          1,
          1,
          16,
          13,
          null,
          null
        ]
      },
      "/Users/rossperry/Documents/_Turing_Projects/mod3/projects/rails_engine_directory/rails_engine/spec/factories/transactions.rb": {
        "lines": [
          null,
          1,
          1,
          1,
          1,
          null,
          1,
          1,
          null,
          null
        ]
      },
      "/Users/rossperry/Documents/_Turing_Projects/mod3/projects/rails_engine_directory/rails_engine/config/routes.rb": {
        "lines": [
          1,
          null,
          null,
          null,
          1,
          null,
          1,
          1,
          1,
          1,
          1,
          null,
          1,
          1,
          1,
          1,
          1,
          1,
          1,
          1,
          null,
          null,
          null,
          null
        ]
      },
      "/Users/rossperry/Documents/_Turing_Projects/mod3/projects/rails_engine_directory/rails_engine/spec/requests/api/v1/items_request_spec.rb": {
        "lines": [
          1,
          null,
          1,
          null,
          1,
          4,
          null,
          4,
          4,
          null,
          4,
          40,
          40,
          null,
          null,
          null,
          null,
          1,
          null,
          1,
          null,
          1,
          null,
          1,
          null,
          1,
          1,
          20,
          20,
          20,
          20,
          20,
          null,
          null,
          1,
          1,
          null,
          null,
          1,
          null,
          1,
          null,
          1,
          null,
          null,
          null,
          null,
          null,
          null,
          1,
          1,
          null,
          1,
          4,
          null,
          null,
          null,
          1,
          1,
          null,
          1,
          1,
          1,
          1,
          null,
          1,
          null,
          null,
          null,
          null,
          null,
          null,
          null,
          1,
          null,
          1,
          null,
          1,
          1,
          1,
          1,
          1,
          null,
          null,
          1,
          null,
          1,
          null,
          1,
          1,
          1,
          1,
          1,
          null,
          null,
          null,
          1,
          1,
          1,
          null,
          1,
          1,
          1,
          1,
          null,
          1,
          null,
          null,
          null,
          null,
          null,
          null,
          1,
          null,
          null,
          1,
          1,
          null,
          1,
          1,
          1,
          1,
          null,
          null,
          null,
          null
        ]
      },
      "/Users/rossperry/Documents/_Turing_Projects/mod3/projects/rails_engine_directory/rails_engine/spec/requests/api/v1/merchants_request_spec.rb": {
        "lines": [
          1,
          null,
          1,
          null,
          1,
          4,
          null,
          null,
          null,
          null,
          null,
          null,
          null,
          null,
          null,
          null,
          null,
          1,
          1,
          1,
          null,
          1,
          null,
          1,
          null,
          null,
          null,
          1,
          null,
          1,
          null,
          1,
          1,
          null,
          null,
          null,
          1,
          1,
          100,
          null,
          null,
          1,
          1,
          null,
          1,
          1,
          100,
          100,
          null,
          null,
          null,
          1,
          1,
          null,
          1,
          null,
          null,
          null,
          null,
          1,
          null,
          1,
          null,
          1,
          null,
          1,
          null,
          null,
          1,
          null,
          1,
          null,
          1,
          1,
          null,
          null,
          1,
          1,
          1,
          null,
          1,
          null,
          1,
          1,
          null,
          null,
          1,
          null,
          1,
          null,
          null,
          null,
          1,
          null,
          1,
          1,
          1,
          null,
          null,
          null,
          null
        ]
      },
      "/Users/rossperry/Documents/_Turing_Projects/mod3/projects/rails_engine_directory/rails_engine/spec/requests/api/v1/relationships_request_spec.rb": {
        "lines": [
          1,
          null,
          1,
          1,
          1,
          1,
          1,
          1,
          10,
          null,
          1,
          10,
          null,
          null,
          1,
          null,
          1,
          null,
          1,
          1,
          10,
          null,
          1,
          null,
          null,
          1,
          1,
          1,
          1,
          1,
          null,
          1,
          1,
          1,
          null,
          1,
          null,
          null
        ]
      },
      "/Users/rossperry/Documents/_Turing_Projects/mod3/projects/rails_engine_directory/rails_engine/spec/requests/api/v1/search_request_spec.rb": {
        "lines": [
          1,
          null,
          1,
          1,
          2,
          2,
          2,
          2,
          2,
          null,
          null,
          1,
          null,
          1,
          1,
          null,
          1,
          3,
          null,
          1,
          null,
          null,
          1,
          null,
          1,
          1,
          null,
          1,
          null,
          1,
          1,
          null,
          null,
          null,
          1,
          1,
          5,
          5,
          5,
          5,
          5,
          5,
          5,
          null,
          null,
          1,
          1,
          1,
          null,
          1,
          3,
          null,
          null,
          1,
          1,
          3,
          null,
          null,
          null,
          1,
          1,
          1,
          1,
          null,
          1,
          1,
          null,
          null,
          1,
          1,
          1,
          null,
          1,
          3,
          null,
          null,
          1,
          1,
          3,
          null,
          null,
          null,
          1,
          1,
          1,
          null,
          1,
          5,
          null,
          null,
          1,
          null,
          1,
          5,
          null,
          null,
          null,
          1,
          1,
          1,
          1,
          1,
          null,
          null,
          null,
          1,
          1,
          null,
          null,
          null,
          null,
          null,
          null,
          null,
          null,
          null,
          null,
          null
        ]
      },
      "/Users/rossperry/Documents/_Turing_Projects/mod3/projects/rails_engine_directory/rails_engine/spec/tasks/load_data_spec.rb": {
        "lines": [
          1,
          1,
          1,
          null,
          1,
          null,
          1,
          0,
          null,
          null,
          1,
          0,
          0,
          0,
          0,
          0,
          0,
          0,
          null,
          null,
          0,
          0,
          0,
          0,
          0,
          0,
          null,
          0,
          0,
          0,
          0,
          0,
          0,
          0,
          0,
          null,
          0,
          0,
          0,
          0,
          0,
          0,
          0,
          null,
          0,
          0,
          0,
          0,
          0,
          0,
          0,
          null,
          0,
          0,
          0,
          0,
          0,
          0,
          0,
          0,
          null,
          null,
          null
        ]
      },
      "/Users/rossperry/Documents/_Turing_Projects/mod3/projects/rails_engine_directory/rails_engine/lib/tasks/load_csv.rake": {
        "lines": [
          1,
          1,
          null,
          1,
          1,
          0,
          null,
          null,
          1,
          1,
          0,
          0,
          null,
          0,
          0,
          0,
          0,
          0,
          0,
          null,
          null,
          null,
          0,
          0,
          null,
          null,
          0,
          0,
          null,
          null,
          0,
          0,
          null,
          0,
          0,
          null,
          0,
          0,
          null,
          0,
          0,
          0,
          0,
          0,
          0,
          null,
          null,
          1,
          0,
          0,
          null,
          null,
          1,
          0,
          0,
          0,
          null,
          null,
          null,
          null,
          1,
          0,
          null
        ]
      },
      "/Users/rossperry/Documents/_Turing_Projects/mod3/projects/rails_engine_directory/rails_engine/spec/tasks/load_data_test_spec.rb": {
        "lines": [
          1,
          1,
          1,
          null,
          1,
          null,
          1,
          0,
          null,
          null,
          null,
          1,
          0,
          0,
          0,
          0,
          0,
          0,
          0,
          null,
          null,
          0,
          0,
          0,
          0,
          0,
          0,
          null,
          0,
          0,
          0,
          0,
          0,
          0,
          0,
          0,
          null,
          null,
          null
        ]
      },
      "/Users/rossperry/Documents/_Turing_Projects/mod3/projects/rails_engine_directory/rails_engine/app/models/customer.rb": {
        "lines": [
          1,
          1,
          null
        ]
      },
      "/Users/rossperry/Documents/_Turing_Projects/mod3/projects/rails_engine_directory/rails_engine/app/models/application_record.rb": {
        "lines": [
          1,
          1,
          null
        ]
      },
      "/Users/rossperry/Documents/_Turing_Projects/mod3/projects/rails_engine_directory/rails_engine/app/models/merchant.rb": {
        "lines": [
          1,
          1,
          1,
          null,
          1,
          null,
          2,
          null,
          null,
          null,
          1,
          1,
          null,
          null,
          1,
          null,
          null,
          null,
          null,
          null,
          null,
          null,
          1,
          null,
          null,
          null,
          1,
          null,
          null,
          null,
          null,
          null,
          null,
          null,
          1,
          null,
          null,
          1,
          1,
          1,
          null,
          null,
          null,
          null,
          1,
          null,
          null,
          null,
          null,
          null,
          null,
          1,
          1,
          1,
          1,
          null,
          null,
          null,
          null,
          null,
          1,
          null,
          null,
          null,
          null,
          null,
          null,
          null,
          null,
          null,
          null,
          null,
          null,
          null,
          null,
          null,
          null,
          null,
          null,
          null,
          null,
          null,
          null,
          null,
          null,
          null,
          null,
          null,
          null,
          null,
          null,
          null,
          null,
          null,
          null,
          null,
          null,
          null,
          null,
          null,
          null,
          null,
          null,
          null,
          null,
          null,
          null,
          null,
          null,
          null,
          null,
          null,
          null,
          null,
          null,
          null,
          null,
          null,
          null,
          null,
          null,
          null
        ]
      },
      "/Users/rossperry/Documents/_Turing_Projects/mod3/projects/rails_engine_directory/rails_engine/app/models/item.rb": {
        "lines": [
          1,
          1,
          1,
          1,
          null,
          1,
          null,
          5,
          2,
          3,
          2,
          1,
          1,
          null,
          null,
          null,
          null,
          1,
          2,
          null,
          null,
          1,
          0,
          null,
          null
        ]
      },
      "/Users/rossperry/Documents/_Turing_Projects/mod3/projects/rails_engine_directory/rails_engine/app/models/invoice.rb": {
        "lines": [
          1,
          1,
          1,
          1,
          1,
          1,
          null
        ]
      },
      "/Users/rossperry/Documents/_Turing_Projects/mod3/projects/rails_engine_directory/rails_engine/app/models/invoice_item.rb": {
        "lines": [
          1,
          1,
          1,
          null
        ]
      },
      "/Users/rossperry/Documents/_Turing_Projects/mod3/projects/rails_engine_directory/rails_engine/app/models/transaction.rb": {
        "lines": [
          1,
          1,
          null
        ]
      },
      "/Users/rossperry/Documents/_Turing_Projects/mod3/projects/rails_engine_directory/rails_engine/app/controllers/api/v1/merchants/most_revenue_controller.rb": {
        "lines": [
          1,
          null,
          1,
          1,
          null,
          null,
          null
        ]
      },
      "/Users/rossperry/Documents/_Turing_Projects/mod3/projects/rails_engine_directory/rails_engine/app/controllers/application_controller.rb": {
        "lines": [
          1,
          null
        ]
      },
      "/Users/rossperry/Documents/_Turing_Projects/mod3/projects/rails_engine_directory/rails_engine/app/serializers/merchant_serializer.rb": {
        "lines": [
          1,
          1,
          1,
          null
        ]
      },
      "/Users/rossperry/Documents/_Turing_Projects/mod3/projects/rails_engine_directory/rails_engine/app/controllers/api/v1/merchants/most_items_controller.rb": {
        "lines": [
          1,
          null,
          1,
          1,
          null,
          null,
          null
        ]
      },
      "/Users/rossperry/Documents/_Turing_Projects/mod3/projects/rails_engine_directory/rails_engine/app/controllers/api/v1/merchants/revenue_controller.rb": {
        "lines": [
          1,
          null,
          1,
          null,
          1,
          null,
          null,
          1,
          1,
          null,
          null,
          null
        ]
      },
      "/Users/rossperry/Documents/_Turing_Projects/mod3/projects/rails_engine_directory/rails_engine/app/serializers/revenue_serializer.rb": {
        "lines": [
          1,
          1,
          null,
          null,
          1,
          2,
          null,
          null,
          null
        ]
      },
      "/Users/rossperry/Documents/_Turing_Projects/mod3/projects/rails_engine_directory/rails_engine/app/controllers/api/v1/items_controller.rb": {
        "lines": [
          1,
          null,
          1,
          1,
          null,
          null,
          1,
          1,
          null,
          null,
          1,
          null,
          null,
          1,
          1,
          1,
          1,
          null,
          null,
          1,
          1,
          null,
          null,
          1,
          1,
          null,
          null,
          1,
          null,
          1,
          2,
          null,
          null,
          null,
          null,
          null,
          null,
          null
        ]
      },
      "/Users/rossperry/Documents/_Turing_Projects/mod3/projects/rails_engine_directory/rails_engine/app/serializers/item_serializer.rb": {
        "lines": [
          1,
          1,
          1,
          null
        ]
      },
      "/Users/rossperry/Documents/_Turing_Projects/mod3/projects/rails_engine_directory/rails_engine/app/controllers/api/v1/merchants_controller.rb": {
        "lines": [
          1,
          null,
          1,
          1,
          null,
          null,
          1,
          2,
          null,
          null,
          1,
          1,
          1,
          1,
          1,
          null,
          null,
          1,
          1,
          null,
          null,
          1,
          1,
          null,
          null,
          1,
          null,
          null,
          1,
          3,
          null,
          null
        ]
      },
      "/Users/rossperry/Documents/_Turing_Projects/mod3/projects/rails_engine_directory/rails_engine/app/controllers/api/v1/merchants/items_controller.rb": {
        "lines": [
          1,
          null,
          1,
          1,
          null,
          null,
          null
        ]
      },
      "/Users/rossperry/Documents/_Turing_Projects/mod3/projects/rails_engine_directory/rails_engine/app/controllers/api/v1/items/merchant_controller.rb": {
        "lines": [
          1,
          null,
          1,
          1,
          null,
          null,
          null
        ]
      },
      "/Users/rossperry/Documents/_Turing_Projects/mod3/projects/rails_engine_directory/rails_engine/app/controllers/api/v1/merchants/find_controller.rb": {
        "lines": [
          1,
          null,
          1,
          1,
          null,
          null,
          1,
          1,
          null,
          null,
          null,
          null
        ]
      },
      "/Users/rossperry/Documents/_Turing_Projects/mod3/projects/rails_engine_directory/rails_engine/app/controllers/api/v1/items/find_controller.rb": {
        "lines": [
          1,
          null,
          1,
          3,
          null,
          null,
          1,
          2,
          null,
          null,
          null,
          null
        ]
      }
    },
    "timestamp": 1594681891
  }
}
